{"C:\\Users\\kassi\\OneDrive\\Documentos\\My Personal\\branas-course\\branas-commerce\\src\\application\\usecase\\Checkout.ts": {"path":"C:\\Users\\kassi\\OneDrive\\Documentos\\My Personal\\branas-course\\branas-commerce\\src\\application\\usecase\\Checkout.ts","statementMap":{"0":{"start":{"line":3,"column":0},"end":{"line":3,"column":52}},"1":{"start":{"line":6,"column":0},"end":{"line":6,"column":48}},"2":{"start":{"line":7,"column":0},"end":{"line":7,"column":64}},"3":{"start":{"line":12,"column":11},"end":{"line":12,"column":44}},"4":{"start":{"line":13,"column":11},"end":{"line":13,"column":48}},"5":{"start":{"line":14,"column":11},"end":{"line":14,"column":46}},"6":{"start":{"line":15,"column":11},"end":{"line":15,"column":44}},"7":{"start":{"line":20,"column":21},"end":{"line":20,"column":63}},"8":{"start":{"line":21,"column":24},"end":{"line":21,"column":43}},"9":{"start":{"line":22,"column":2},"end":{"line":22,"column":51}},"10":{"start":{"line":24,"column":16},"end":{"line":24,"column":51}},"11":{"start":{"line":25,"column":16},"end":{"line":25,"column":17}},"12":{"start":{"line":26,"column":2},"end":{"line":33,"column":null}},"13":{"start":{"line":27,"column":3},"end":{"line":32,"column":null}},"14":{"start":{"line":28,"column":20},"end":{"line":28,"column":68}},"15":{"start":{"line":29,"column":4},"end":{"line":29,"column":42}},"16":{"start":{"line":30,"column":24},"end":{"line":30,"column":75}},"17":{"start":{"line":31,"column":4},"end":{"line":31,"column":27}},"18":{"start":{"line":34,"column":2},"end":{"line":36,"column":null}},"19":{"start":{"line":35,"column":3},"end":{"line":35,"column":27}},"20":{"start":{"line":38,"column":2},"end":{"line":45,"column":null}},"21":{"start":{"line":39,"column":18},"end":{"line":39,"column":63}},"22":{"start":{"line":40,"column":3},"end":{"line":44,"column":null}},"23":{"start":{"line":41,"column":4},"end":{"line":41,"column":40}},"24":{"start":{"line":43,"column":4},"end":{"line":43,"column":42}},"25":{"start":{"line":46,"column":14},"end":{"line":46,"column":30}},"26":{"start":{"line":47,"column":2},"end":{"line":47,"column":41}},"27":{"start":{"line":48,"column":2},"end":{"line":52,"column":4}},"28":{"start":{"line":9,"column":0},"end":{"line":9,"column":21}}},"fnMap":{"0":{"name":"(anonymous_8)","decl":{"start":{"line":11,"column":1},"end":{"line":11,"column":null}},"loc":{"start":{"line":15,"column":44},"end":{"line":17,"column":2}}},"1":{"name":"(anonymous_9)","decl":{"start":{"line":19,"column":7},"end":{"line":19,"column":14}},"loc":{"start":{"line":19,"column":28},"end":{"line":53,"column":null}}}},"branchMap":{"0":{"loc":{"start":{"line":26,"column":2},"end":{"line":33,"column":null}},"type":"if","locations":[{"start":{"line":26,"column":2},"end":{"line":33,"column":null}}]},"1":{"loc":{"start":{"line":34,"column":2},"end":{"line":36,"column":null}},"type":"if","locations":[{"start":{"line":34,"column":2},"end":{"line":36,"column":null}}]},"2":{"loc":{"start":{"line":34,"column":6},"end":{"line":34,"column":28}},"type":"binary-expr","locations":[{"start":{"line":34,"column":6},"end":{"line":34,"column":16}},{"start":{"line":34,"column":20},"end":{"line":34,"column":28}}]},"3":{"loc":{"start":{"line":38,"column":2},"end":{"line":45,"column":null}},"type":"if","locations":[{"start":{"line":38,"column":2},"end":{"line":45,"column":null}}]},"4":{"loc":{"start":{"line":40,"column":3},"end":{"line":44,"column":null}},"type":"if","locations":[{"start":{"line":40,"column":3},"end":{"line":44,"column":null}},{"start":{"line":42,"column":8},"end":{"line":44,"column":null}}]}},"s":{"0":1,"1":1,"2":1,"3":2,"4":2,"5":2,"6":2,"7":2,"8":2,"9":2,"10":2,"11":2,"12":2,"13":2,"14":1,"15":1,"16":1,"17":1,"18":2,"19":0,"20":2,"21":0,"22":0,"23":0,"24":0,"25":2,"26":2,"27":2,"28":1},"f":{"0":2,"1":2},"b":{"0":[2],"1":[0],"2":[2,0],"3":[0],"4":[0,0]}}
,"C:\\Users\\kassi\\OneDrive\\Documentos\\My Personal\\branas-course\\branas-commerce\\src\\application\\usecase\\FreightCalculator.ts": {"path":"C:\\Users\\kassi\\OneDrive\\Documentos\\My Personal\\branas-course\\branas-commerce\\src\\application\\usecase\\FreightCalculator.ts","statementMap":{"0":{"start":{"line":7,"column":17},"end":{"line":7,"column":36}},"1":{"start":{"line":8,"column":18},"end":{"line":8,"column":39}},"2":{"start":{"line":9,"column":22},"end":{"line":9,"column":51}},"3":{"start":{"line":10,"column":21},"end":{"line":10,"column":43}},"4":{"start":{"line":11,"column":2},"end":{"line":13,"column":null}},"5":{"start":{"line":12,"column":3},"end":{"line":12,"column":null}},"6":{"start":{"line":14,"column":2},"end":{"line":14,"column":22}},"7":{"start":{"line":5,"column":0},"end":{"line":5,"column":21}}},"fnMap":{"0":{"name":"(anonymous_0)","decl":{"start":{"line":6,"column":1},"end":{"line":6,"column":7}},"loc":{"start":{"line":6,"column":58},"end":{"line":15,"column":2}}}},"branchMap":{"0":{"loc":{"start":{"line":6,"column":37},"end":{"line":6,"column":58}},"type":"default-arg","locations":[{"start":{"line":6,"column":57},"end":{"line":6,"column":58}}]},"1":{"loc":{"start":{"line":11,"column":2},"end":{"line":13,"column":null}},"type":"if","locations":[{"start":{"line":11,"column":2},"end":{"line":13,"column":null}}]}},"s":{"0":4,"1":4,"2":4,"3":4,"4":4,"5":1,"6":3,"7":2},"f":{"0":4},"b":{"0":[2],"1":[1]}}
,"C:\\Users\\kassi\\OneDrive\\Documentos\\My Personal\\branas-course\\branas-commerce\\src\\domain\\entities\\cpf.ts": {"path":"C:\\Users\\kassi\\OneDrive\\Documentos\\My Personal\\branas-course\\branas-commerce\\src\\domain\\entities\\cpf.ts","statementMap":{"0":{"start":{"line":2,"column":25},"end":{"line":2,"column":39}},"1":{"start":{"line":3,"column":8},"end":{"line":3,"column":65}},"2":{"start":{"line":3,"column":34},"end":{"line":3,"column":65}},"3":{"start":{"line":7,"column":20},"end":{"line":7,"column":21}},"4":{"start":{"line":8,"column":8},"end":{"line":10,"column":null}},"5":{"start":{"line":9,"column":12},"end":{"line":9,"column":64}},"6":{"start":{"line":9,"column":28},"end":{"line":9,"column":64}},"7":{"start":{"line":11,"column":21},"end":{"line":11,"column":29}},"8":{"start":{"line":12,"column":8},"end":{"line":12,"column":42}},"9":{"start":{"line":16,"column":8},"end":{"line":16,"column":38}},"10":{"start":{"line":20,"column":8},"end":{"line":20,"column":33}},"11":{"start":{"line":24,"column":8},"end":{"line":24,"column":54}},"12":{"start":{"line":24,"column":40},"end":{"line":24,"column":52}},"13":{"start":{"line":28,"column":8},"end":{"line":28,"column":55}},"14":{"start":{"line":32,"column":8},"end":{"line":32,"column":31}},"15":{"start":{"line":32,"column":18},"end":{"line":32,"column":31}},"16":{"start":{"line":33,"column":8},"end":{"line":33,"column":30}},"17":{"start":{"line":34,"column":8},"end":{"line":34,"column":50}},"18":{"start":{"line":34,"column":37},"end":{"line":34,"column":50}},"19":{"start":{"line":35,"column":8},"end":{"line":35,"column":53}},"20":{"start":{"line":35,"column":40},"end":{"line":35,"column":53}},"21":{"start":{"line":36,"column":23},"end":{"line":36,"column":51}},"22":{"start":{"line":37,"column":23},"end":{"line":37,"column":51}},"23":{"start":{"line":38,"column":27},"end":{"line":38,"column":55}},"24":{"start":{"line":39,"column":32},"end":{"line":39,"column":52}},"25":{"start":{"line":40,"column":8},"end":{"line":40,"column":46}},"26":{"start":{"line":1,"column":0},"end":{"line":1,"column":21}}},"fnMap":{"0":{"name":"(anonymous_0)","decl":{"start":{"line":2,"column":4},"end":{"line":2,"column":25}},"loc":{"start":{"line":2,"column":39},"end":{"line":4,"column":5}}},"1":{"name":"(anonymous_1)","decl":{"start":{"line":6,"column":4},"end":{"line":6,"column":18}},"loc":{"start":{"line":6,"column":47},"end":{"line":13,"column":5}}},"2":{"name":"(anonymous_2)","decl":{"start":{"line":15,"column":4},"end":{"line":15,"column":9}},"loc":{"start":{"line":15,"column":22},"end":{"line":17,"column":5}}},"3":{"name":"(anonymous_3)","decl":{"start":{"line":19,"column":4},"end":{"line":19,"column":17}},"loc":{"start":{"line":19,"column":30},"end":{"line":21,"column":5}}},"4":{"name":"(anonymous_4)","decl":{"start":{"line":23,"column":4},"end":{"line":23,"column":20}},"loc":{"start":{"line":23,"column":33},"end":{"line":25,"column":5}}},"5":{"name":"(anonymous_5)","decl":{"start":{"line":24,"column":35},"end":{"line":24,"column":36}},"loc":{"start":{"line":24,"column":40},"end":{"line":24,"column":52}}},"6":{"name":"(anonymous_6)","decl":{"start":{"line":27,"column":4},"end":{"line":27,"column":21}},"loc":{"start":{"line":27,"column":34},"end":{"line":29,"column":5}}},"7":{"name":"(anonymous_7)","decl":{"start":{"line":31,"column":4},"end":{"line":31,"column":12}},"loc":{"start":{"line":31,"column":25},"end":{"line":41,"column":5}}}},"branchMap":{"0":{"loc":{"start":{"line":3,"column":8},"end":{"line":3,"column":65}},"type":"if","locations":[{"start":{"line":3,"column":8},"end":{"line":3,"column":65}}]},"1":{"loc":{"start":{"line":9,"column":12},"end":{"line":9,"column":64}},"type":"if","locations":[{"start":{"line":9,"column":12},"end":{"line":9,"column":64}}]},"2":{"loc":{"start":{"line":12,"column":15},"end":{"line":12,"column":41}},"type":"cond-expr","locations":[{"start":{"line":12,"column":28},"end":{"line":12,"column":29}},{"start":{"line":12,"column":32},"end":{"line":12,"column":41}}]},"3":{"loc":{"start":{"line":32,"column":8},"end":{"line":32,"column":31}},"type":"if","locations":[{"start":{"line":32,"column":8},"end":{"line":32,"column":31}}]},"4":{"loc":{"start":{"line":34,"column":8},"end":{"line":34,"column":50}},"type":"if","locations":[{"start":{"line":34,"column":8},"end":{"line":34,"column":50}}]},"5":{"loc":{"start":{"line":35,"column":8},"end":{"line":35,"column":53}},"type":"if","locations":[{"start":{"line":35,"column":8},"end":{"line":35,"column":53}}]}},"s":{"0":11,"1":11,"2":1,"3":22,"4":22,"5":242,"6":209,"7":22,"8":22,"9":11,"10":11,"11":11,"12":30,"13":11,"14":11,"15":0,"16":11,"17":11,"18":0,"19":11,"20":0,"21":11,"22":11,"23":11,"24":11,"25":11,"26":2},"f":{"0":11,"1":22,"2":11,"3":11,"4":11,"5":30,"6":11,"7":11},"b":{"0":[1],"1":[209],"2":[6,16],"3":[0],"4":[0],"5":[0]}}
,"C:\\Users\\kassi\\OneDrive\\Documentos\\My Personal\\branas-course\\branas-commerce\\src\\domain\\entities\\currencyTable.ts": {"path":"C:\\Users\\kassi\\OneDrive\\Documentos\\My Personal\\branas-course\\branas-commerce\\src\\domain\\entities\\currencyTable.ts","statementMap":{"0":{"start":{"line":5,"column":2},"end":{"line":7,"column":4}},"1":{"start":{"line":11,"column":2},"end":{"line":11,"column":31}},"2":{"start":{"line":15,"column":2},"end":{"line":15,"column":30}},"3":{"start":{"line":1,"column":0},"end":{"line":1,"column":21}}},"fnMap":{"0":{"name":"(anonymous_0)","decl":{"start":{"line":4,"column":1},"end":{"line":4,"column":null}},"loc":{"start":{"line":4,"column":1},"end":{"line":8,"column":2}}},"1":{"name":"(anonymous_1)","decl":{"start":{"line":10,"column":1},"end":{"line":10,"column":12}},"loc":{"start":{"line":10,"column":45},"end":{"line":12,"column":2}}},"2":{"name":"(anonymous_2)","decl":{"start":{"line":14,"column":1},"end":{"line":14,"column":12}},"loc":{"start":{"line":14,"column":30},"end":{"line":16,"column":2}}}},"branchMap":{},"s":{"0":11,"1":3,"2":8,"3":2},"f":{"0":11,"1":3,"2":8},"b":{}}
,"C:\\Users\\kassi\\OneDrive\\Documentos\\My Personal\\branas-course\\branas-commerce\\src\\domain\\entities\\item.ts": {"path":"C:\\Users\\kassi\\OneDrive\\Documentos\\My Personal\\branas-course\\branas-commerce\\src\\domain\\entities\\item.ts","statementMap":{"0":{"start":{"line":3,"column":17},"end":{"line":3,"column":43}},"1":{"start":{"line":4,"column":17},"end":{"line":4,"column":34}},"2":{"start":{"line":5,"column":17},"end":{"line":5,"column":33}},"3":{"start":{"line":6,"column":17},"end":{"line":6,"column":33}},"4":{"start":{"line":1,"column":0},"end":{"line":1,"column":21}}},"fnMap":{"0":{"name":"(anonymous_0)","decl":{"start":{"line":2,"column":4},"end":{"line":2,"column":null}},"loc":{"start":{"line":6,"column":33},"end":{"line":7,"column":8}}}},"branchMap":{},"s":{"0":11,"1":11,"2":11,"3":11,"4":2},"f":{"0":11},"b":{}}
,"C:\\Users\\kassi\\OneDrive\\Documentos\\My Personal\\branas-course\\branas-commerce\\src\\domain\\entities\\order.ts": {"path":"C:\\Users\\kassi\\OneDrive\\Documentos\\My Personal\\branas-course\\branas-commerce\\src\\domain\\entities\\order.ts","statementMap":{"0":{"start":{"line":1,"column":0},"end":{"line":1,"column":26}},"1":{"start":{"line":3,"column":0},"end":{"line":3,"column":24}},"2":{"start":{"line":4,"column":0},"end":{"line":4,"column":44}},"3":{"start":{"line":15,"column":17},"end":{"line":15,"column":48}},"4":{"start":{"line":17,"column":17},"end":{"line":17,"column":30}},"5":{"start":{"line":18,"column":17},"end":{"line":18,"column":28}},"6":{"start":{"line":7,"column":4},"end":{"line":7,"column":28}},"7":{"start":{"line":20,"column":8},"end":{"line":20,"column":32}},"8":{"start":{"line":21,"column":8},"end":{"line":21,"column":36}},"9":{"start":{"line":22,"column":8},"end":{"line":22,"column":40}},"10":{"start":{"line":26,"column":8},"end":{"line":26,"column":84}},"11":{"start":{"line":30,"column":8},"end":{"line":32,"column":10}},"12":{"start":{"line":36,"column":8},"end":{"line":45,"column":11}},"13":{"start":{"line":37,"column":12},"end":{"line":44,"column":14}},"14":{"start":{"line":49,"column":8},"end":{"line":49,"column":62}},"15":{"start":{"line":49,"column":26},"end":{"line":49,"column":62}},"16":{"start":{"line":50,"column":8},"end":{"line":52,"column":10}},"17":{"start":{"line":56,"column":28},"end":{"line":56,"column":29}},"18":{"start":{"line":58,"column":8},"end":{"line":63,"column":11}},"19":{"start":{"line":59,"column":12},"end":{"line":62,"column":65}},"20":{"start":{"line":64,"column":8},"end":{"line":67,"column":null}},"21":{"start":{"line":65,"column":32},"end":{"line":65,"column":67}},"22":{"start":{"line":66,"column":12},"end":{"line":66,"column":42}},"23":{"start":{"line":69,"column":8},"end":{"line":69,"column":21}},"24":{"start":{"line":73,"column":8},"end":{"line":73,"column":45}},"25":{"start":{"line":77,"column":8},"end":{"line":77,"column":25}},"26":{"start":{"line":6,"column":0},"end":{"line":6,"column":21}}},"fnMap":{"0":{"name":"(anonymous_1)","decl":{"start":{"line":13,"column":4},"end":{"line":13,"column":null}},"loc":{"start":{"line":18,"column":28},"end":{"line":23,"column":5}}},"1":{"name":"(anonymous_2)","decl":{"start":{"line":25,"column":12},"end":{"line":25,"column":24}},"loc":{"start":{"line":25,"column":24},"end":{"line":27,"column":5}}},"2":{"name":"(anonymous_3)","decl":{"start":{"line":29,"column":4},"end":{"line":29,"column":19}},"loc":{"start":{"line":29,"column":19},"end":{"line":33,"column":5}}},"3":{"name":"(anonymous_4)","decl":{"start":{"line":35,"column":4},"end":{"line":35,"column":12}},"loc":{"start":{"line":35,"column":32},"end":{"line":46,"column":5}}},"4":{"name":"(anonymous_5)","decl":{"start":{"line":36,"column":25},"end":{"line":36,"column":26}},"loc":{"start":{"line":36,"column":37},"end":{"line":45,"column":9}}},"5":{"name":"(anonymous_6)","decl":{"start":{"line":48,"column":4},"end":{"line":48,"column":11}},"loc":{"start":{"line":48,"column":46},"end":{"line":53,"column":5}}},"6":{"name":"(anonymous_7)","decl":{"start":{"line":55,"column":4},"end":{"line":55,"column":12}},"loc":{"start":{"line":55,"column":12},"end":{"line":70,"column":5}}},"7":{"name":"(anonymous_8)","decl":{"start":{"line":58,"column":27},"end":{"line":58,"column":28}},"loc":{"start":{"line":58,"column":39},"end":{"line":63,"column":9}}},"8":{"name":"(anonymous_9)","decl":{"start":{"line":72,"column":4},"end":{"line":72,"column":21}},"loc":{"start":{"line":72,"column":44},"end":{"line":74,"column":5}}},"9":{"name":"(anonymous_10)","decl":{"start":{"line":76,"column":4},"end":{"line":76,"column":11}},"loc":{"start":{"line":76,"column":11},"end":{"line":78,"column":5}}}},"branchMap":{"0":{"loc":{"start":{"line":15,"column":17},"end":{"line":15,"column":67}},"type":"default-arg","locations":[{"start":{"line":15,"column":48},"end":{"line":15,"column":67}}]},"1":{"loc":{"start":{"line":21,"column":23},"end":{"line":21,"column":35}},"type":"cond-expr","locations":[{"start":{"line":21,"column":23},"end":{"line":21,"column":30}},{"start":{"line":21,"column":34},"end":{"line":21,"column":35}}]},"2":{"loc":{"start":{"line":21,"column":23},"end":{"line":21,"column":34}},"type":"binary-expr","locations":[{"start":{"line":21,"column":23},"end":{"line":21,"column":34}},{"start":{"line":21,"column":23},"end":{"line":21,"column":34}}]},"3":{"loc":{"start":{"line":26,"column":18},"end":{"line":26,"column":40}},"type":"cond-expr","locations":[{"start":{"line":26,"column":27},"end":{"line":26,"column":29}},{"start":{"line":26,"column":27},"end":{"line":26,"column":40}}]},"4":{"loc":{"start":{"line":26,"column":18},"end":{"line":26,"column":29}},"type":"binary-expr","locations":[{"start":{"line":26,"column":18},"end":{"line":26,"column":29}},{"start":{"line":26,"column":27},"end":{"line":26,"column":29}}]},"5":{"loc":{"start":{"line":49,"column":8},"end":{"line":49,"column":62}},"type":"if","locations":[{"start":{"line":49,"column":8},"end":{"line":49,"column":62}}]},"6":{"loc":{"start":{"line":64,"column":8},"end":{"line":67,"column":null}},"type":"if","locations":[{"start":{"line":64,"column":8},"end":{"line":67,"column":null}}]}},"s":{"0":2,"1":2,"2":2,"3":11,"4":11,"5":11,"6":11,"7":11,"8":10,"9":10,"10":10,"11":1,"12":3,"13":9,"14":3,"15":1,"16":2,"17":6,"18":6,"19":8,"20":6,"21":1,"22":1,"23":6,"24":1,"25":1,"26":2},"f":{"0":11,"1":10,"2":1,"3":3,"4":9,"5":3,"6":6,"7":8,"8":1,"9":1},"b":{"0":[1],"1":[0,10],"2":[10,10],"3":[9,1],"4":[10,10],"5":[1],"6":[1]}}
,"C:\\Users\\kassi\\OneDrive\\Documentos\\My Personal\\branas-course\\branas-commerce\\src\\domain\\entities\\product.ts": {"path":"C:\\Users\\kassi\\OneDrive\\Documentos\\My Personal\\branas-course\\branas-commerce\\src\\domain\\entities\\product.ts","statementMap":{"0":{"start":{"line":1,"column":0},"end":{"line":1,"column":36}},"1":{"start":{"line":22,"column":8},"end":{"line":26,"column":null}},"2":{"start":{"line":23,"column":12},"end":{"line":23,"column":25}},"3":{"start":{"line":25,"column":12},"end":{"line":25,"column":31}},"4":{"start":{"line":27,"column":8},"end":{"line":27,"column":25}},"5":{"start":{"line":28,"column":8},"end":{"line":28,"column":27}},"6":{"start":{"line":29,"column":8},"end":{"line":29,"column":33}},"7":{"start":{"line":30,"column":8},"end":{"line":30,"column":27}},"8":{"start":{"line":31,"column":8},"end":{"line":31,"column":29}},"9":{"start":{"line":32,"column":8},"end":{"line":32,"column":27}},"10":{"start":{"line":33,"column":8},"end":{"line":33,"column":29}},"11":{"start":{"line":34,"column":8},"end":{"line":34,"column":52}},"12":{"start":{"line":38,"column":2},"end":{"line":38,"column":58}},"13":{"start":{"line":3,"column":0},"end":{"line":3,"column":21}}},"fnMap":{"0":{"name":"(anonymous_0)","decl":{"start":{"line":15,"column":4},"end":{"line":15,"column":16}},"loc":{"start":{"line":21,"column":9},"end":{"line":35,"column":5}}},"1":{"name":"(anonymous_1)","decl":{"start":{"line":37,"column":4},"end":{"line":37,"column":13}},"loc":{"start":{"line":37,"column":13},"end":{"line":39,"column":2}}}},"branchMap":{"0":{"loc":{"start":{"line":22,"column":8},"end":{"line":26,"column":null}},"type":"if","locations":[{"start":{"line":22,"column":8},"end":{"line":26,"column":null}},{"start":{"line":24,"column":15},"end":{"line":26,"column":null}}]},"1":{"loc":{"start":{"line":34,"column":24},"end":{"line":34,"column":51}},"type":"cond-expr","locations":[{"start":{"line":34,"column":35},"end":{"line":34,"column":43}},{"start":{"line":34,"column":46},"end":{"line":34,"column":51}}]}},"s":{"0":3,"1":20,"2":20,"3":0,"4":20,"5":20,"6":20,"7":20,"8":20,"9":20,"10":20,"11":20,"12":4,"13":3},"f":{"0":20,"1":4},"b":{"0":[20,0],"1":[3,17]}}
,"C:\\Users\\kassi\\OneDrive\\Documentos\\My Personal\\branas-course\\branas-commerce\\src\\infra\\data\\data.ts": {"path":"C:\\Users\\kassi\\OneDrive\\Documentos\\My Personal\\branas-course\\branas-commerce\\src\\infra\\data\\data.ts","statementMap":{"0":{"start":{"line":1,"column":0},"end":{"line":1,"column":48}},"1":{"start":{"line":2,"column":0},"end":{"line":2,"column":52}},"2":{"start":{"line":5,"column":14},"end":{"line":8,"column":2}},"3":{"start":{"line":10,"column":0},"end":{"line":34,"column":null}}},"fnMap":{},"branchMap":{},"s":{"0":1,"1":1,"2":1,"3":1},"f":{},"b":{}}
,"C:\\Users\\kassi\\OneDrive\\Documentos\\My Personal\\branas-course\\branas-commerce\\src\\infra\\fakes\\couponRepositoryFake.ts": {"path":"C:\\Users\\kassi\\OneDrive\\Documentos\\My Personal\\branas-course\\branas-commerce\\src\\infra\\fakes\\couponRepositoryFake.ts","statementMap":{"0":{"start":{"line":2,"column":0},"end":{"line":2,"column":32}},"1":{"start":{"line":7,"column":23},"end":{"line":7,"column":75}},"2":{"start":{"line":7,"column":58},"end":{"line":7,"column":74}},"3":{"start":{"line":8,"column":8},"end":{"line":10,"column":null}},"4":{"start":{"line":9,"column":12},"end":{"line":9,"column":48}},"5":{"start":{"line":11,"column":8},"end":{"line":11,"column":22}},"6":{"start":{"line":5,"column":0},"end":{"line":5,"column":21}}},"fnMap":{"0":{"name":"(anonymous_8)","decl":{"start":{"line":6,"column":10},"end":{"line":6,"column":13}},"loc":{"start":{"line":6,"column":24},"end":{"line":12,"column":null}}},"1":{"name":"(anonymous_10)","decl":{"start":{"line":7,"column":45},"end":{"line":7,"column":46}},"loc":{"start":{"line":7,"column":58},"end":{"line":7,"column":74}}}},"branchMap":{"0":{"loc":{"start":{"line":8,"column":8},"end":{"line":10,"column":null}},"type":"if","locations":[{"start":{"line":8,"column":8},"end":{"line":10,"column":null}}]}},"s":{"0":1,"1":0,"2":0,"3":0,"4":0,"5":0,"6":1},"f":{"0":0,"1":0},"b":{"0":[0]}}
,"C:\\Users\\kassi\\OneDrive\\Documentos\\My Personal\\branas-course\\branas-commerce\\src\\infra\\fakes\\currencyApiFake.ts": {"path":"C:\\Users\\kassi\\OneDrive\\Documentos\\My Personal\\branas-course\\branas-commerce\\src\\infra\\fakes\\currencyApiFake.ts","statementMap":{"0":{"start":{"line":8,"column":8},"end":{"line":8,"column":null}},"1":{"start":{"line":11,"column":8},"end":{"line":11,"column":39}},"2":{"start":{"line":11,"column":30},"end":{"line":11,"column":39}},"3":{"start":{"line":13,"column":8},"end":{"line":13,"column":17}},"4":{"start":{"line":3,"column":0},"end":{"line":3,"column":21}}},"fnMap":{"0":{"name":"(anonymous_7)","decl":{"start":{"line":4,"column":4},"end":{"line":4,"column":null}},"loc":{"start":{"line":4,"column":4},"end":{"line":5,"column":5}}},"1":{"name":"(anonymous_8)","decl":{"start":{"line":7,"column":10},"end":{"line":7,"column":23}},"loc":{"start":{"line":7,"column":23},"end":{"line":9,"column":null}}},"2":{"name":"(anonymous_10)","decl":{"start":{"line":10,"column":4},"end":{"line":10,"column":15}},"loc":{"start":{"line":10,"column":32},"end":{"line":14,"column":5}}}},"branchMap":{"0":{"loc":{"start":{"line":11,"column":8},"end":{"line":11,"column":39}},"type":"if","locations":[{"start":{"line":11,"column":8},"end":{"line":11,"column":39}}]}},"s":{"0":1,"1":0,"2":0,"3":0,"4":1},"f":{"0":2,"1":1,"2":0},"b":{"0":[0]}}
,"C:\\Users\\kassi\\OneDrive\\Documentos\\My Personal\\branas-course\\branas-commerce\\src\\infra\\fakes\\orderRepositoryFake.ts": {"path":"C:\\Users\\kassi\\OneDrive\\Documentos\\My Personal\\branas-course\\branas-commerce\\src\\infra\\fakes\\orderRepositoryFake.ts","statementMap":{"0":{"start":{"line":2,"column":0},"end":{"line":2,"column":32}},"1":{"start":{"line":10,"column":8},"end":{"line":10,"column":36}},"2":{"start":{"line":5,"column":0},"end":{"line":5,"column":21}}},"fnMap":{"0":{"name":"(anonymous_8)","decl":{"start":{"line":6,"column":4},"end":{"line":6,"column":null}},"loc":{"start":{"line":6,"column":4},"end":{"line":7,"column":5}}},"1":{"name":"(anonymous_9)","decl":{"start":{"line":9,"column":10},"end":{"line":9,"column":14}},"loc":{"start":{"line":9,"column":28},"end":{"line":11,"column":null}}},"2":{"name":"(anonymous_11)","decl":{"start":{"line":13,"column":10},"end":{"line":13,"column":18}},"loc":{"start":{"line":13,"column":29},"end":{"line":15,"column":null}}}},"branchMap":{},"s":{"0":1,"1":2,"2":1},"f":{"0":2,"1":2,"2":0},"b":{}}
,"C:\\Users\\kassi\\OneDrive\\Documentos\\My Personal\\branas-course\\branas-commerce\\src\\infra\\fakes\\productRepositoryFake.ts": {"path":"C:\\Users\\kassi\\OneDrive\\Documentos\\My Personal\\branas-course\\branas-commerce\\src\\infra\\fakes\\productRepositoryFake.ts","statementMap":{"0":{"start":{"line":2,"column":0},"end":{"line":2,"column":32}},"1":{"start":{"line":10,"column":8},"end":{"line":10,"column":40}},"2":{"start":{"line":14,"column":24},"end":{"line":14,"column":94}},"3":{"start":{"line":14,"column":60},"end":{"line":14,"column":93}},"4":{"start":{"line":15,"column":8},"end":{"line":17,"column":null}},"5":{"start":{"line":16,"column":12},"end":{"line":16,"column":62}},"6":{"start":{"line":18,"column":8},"end":{"line":18,"column":23}},"7":{"start":{"line":5,"column":0},"end":{"line":5,"column":21}}},"fnMap":{"0":{"name":"(anonymous_8)","decl":{"start":{"line":6,"column":4},"end":{"line":6,"column":null}},"loc":{"start":{"line":6,"column":4},"end":{"line":7,"column":5}}},"1":{"name":"(anonymous_9)","decl":{"start":{"line":9,"column":10},"end":{"line":9,"column":14}},"loc":{"start":{"line":9,"column":32},"end":{"line":11,"column":null}}},"2":{"name":"(anonymous_11)","decl":{"start":{"line":13,"column":10},"end":{"line":13,"column":20}},"loc":{"start":{"line":13,"column":38},"end":{"line":19,"column":null}}},"3":{"name":"(anonymous_13)","decl":{"start":{"line":14,"column":47},"end":{"line":14,"column":48}},"loc":{"start":{"line":14,"column":60},"end":{"line":14,"column":93}}}},"branchMap":{"0":{"loc":{"start":{"line":15,"column":8},"end":{"line":17,"column":null}},"type":"if","locations":[{"start":{"line":15,"column":8},"end":{"line":17,"column":null}}]}},"s":{"0":1,"1":0,"2":0,"3":0,"4":0,"5":0,"6":0,"7":1},"f":{"0":2,"1":0,"2":0,"3":0},"b":{"0":[0]}}
}
