TN:
SF:src\application\usecase\Checkout.ts
FN:11,(anonymous_8)
FN:19,(anonymous_9)
FNF:2
FNH:2
FNDA:2,(anonymous_8)
FNDA:2,(anonymous_9)
DA:3,1
DA:6,1
DA:7,1
DA:9,1
DA:12,2
DA:13,2
DA:14,2
DA:15,2
DA:20,2
DA:21,2
DA:22,2
DA:24,2
DA:25,2
DA:26,2
DA:27,2
DA:28,1
DA:29,1
DA:30,1
DA:31,1
DA:34,2
DA:35,0
DA:38,2
DA:39,0
DA:40,0
DA:41,0
DA:43,0
DA:46,2
DA:47,2
DA:48,2
LF:29
LH:24
BRDA:26,0,0,2
BRDA:34,1,0,0
BRDA:34,2,0,2
BRDA:34,2,1,0
BRDA:38,3,0,0
BRDA:40,4,0,0
BRDA:40,4,1,0
BRF:7
BRH:2
end_of_record
TN:
SF:src\application\usecase\FreightCalculator.ts
FN:6,(anonymous_0)
FNF:1
FNH:1
FNDA:4,(anonymous_0)
DA:5,2
DA:7,4
DA:8,4
DA:9,4
DA:10,4
DA:11,4
DA:12,1
DA:14,3
LF:8
LH:8
BRDA:6,0,0,2
BRDA:11,1,0,1
BRF:2
BRH:2
end_of_record
TN:
SF:src\domain\entities\cpf.ts
FN:2,(anonymous_0)
FN:6,(anonymous_1)
FN:15,(anonymous_2)
FN:19,(anonymous_3)
FN:23,(anonymous_4)
FN:24,(anonymous_5)
FN:27,(anonymous_6)
FN:31,(anonymous_7)
FNF:8
FNH:8
FNDA:11,(anonymous_0)
FNDA:22,(anonymous_1)
FNDA:11,(anonymous_2)
FNDA:11,(anonymous_3)
FNDA:11,(anonymous_4)
FNDA:30,(anonymous_5)
FNDA:11,(anonymous_6)
FNDA:11,(anonymous_7)
DA:1,2
DA:2,11
DA:3,11
DA:7,22
DA:8,22
DA:9,242
DA:11,22
DA:12,22
DA:16,11
DA:20,11
DA:24,30
DA:28,11
DA:32,11
DA:33,11
DA:34,11
DA:35,11
DA:36,11
DA:37,11
DA:38,11
DA:39,11
DA:40,11
LF:21
LH:21
BRDA:3,0,0,1
BRDA:9,1,0,209
BRDA:12,2,0,6
BRDA:12,2,1,16
BRDA:32,3,0,0
BRDA:34,4,0,0
BRDA:35,5,0,0
BRF:7
BRH:4
end_of_record
TN:
SF:src\domain\entities\currencyTable.ts
FN:4,(anonymous_0)
FN:10,(anonymous_1)
FN:14,(anonymous_2)
FNF:3
FNH:3
FNDA:11,(anonymous_0)
FNDA:3,(anonymous_1)
FNDA:8,(anonymous_2)
DA:1,2
DA:5,11
DA:11,3
DA:15,8
LF:4
LH:4
BRF:0
BRH:0
end_of_record
TN:
SF:src\domain\entities\item.ts
FN:2,(anonymous_0)
FNF:1
FNH:1
FNDA:11,(anonymous_0)
DA:1,2
DA:3,11
DA:4,11
DA:5,11
DA:6,11
LF:5
LH:5
BRF:0
BRH:0
end_of_record
TN:
SF:src\domain\entities\order.ts
FN:13,(anonymous_1)
FN:25,(anonymous_2)
FN:29,(anonymous_3)
FN:35,(anonymous_4)
FN:36,(anonymous_5)
FN:48,(anonymous_6)
FN:55,(anonymous_7)
FN:58,(anonymous_8)
FN:72,(anonymous_9)
FN:76,(anonymous_10)
FNF:10
FNH:10
FNDA:11,(anonymous_1)
FNDA:10,(anonymous_2)
FNDA:1,(anonymous_3)
FNDA:3,(anonymous_4)
FNDA:9,(anonymous_5)
FNDA:3,(anonymous_6)
FNDA:6,(anonymous_7)
FNDA:8,(anonymous_8)
FNDA:1,(anonymous_9)
FNDA:1,(anonymous_10)
DA:1,2
DA:3,2
DA:4,2
DA:6,2
DA:7,11
DA:15,11
DA:17,11
DA:18,11
DA:20,11
DA:21,10
DA:22,10
DA:26,10
DA:30,1
DA:36,3
DA:37,9
DA:49,3
DA:50,2
DA:56,6
DA:58,6
DA:59,8
DA:64,6
DA:65,1
DA:66,1
DA:69,6
DA:73,1
DA:77,1
LF:26
LH:26
BRDA:15,0,0,1
BRDA:21,1,0,0
BRDA:21,1,1,10
BRDA:21,2,0,10
BRDA:21,2,1,10
BRDA:26,3,0,9
BRDA:26,3,1,1
BRDA:26,4,0,10
BRDA:26,4,1,10
BRDA:49,5,0,1
BRDA:64,6,0,1
BRF:11
BRH:10
end_of_record
TN:
SF:src\domain\entities\product.ts
FN:15,(anonymous_0)
FN:37,(anonymous_1)
FNF:2
FNH:2
FNDA:20,(anonymous_0)
FNDA:4,(anonymous_1)
DA:1,3
DA:3,3
DA:22,20
DA:23,20
DA:25,0
DA:27,20
DA:28,20
DA:29,20
DA:30,20
DA:31,20
DA:32,20
DA:33,20
DA:34,20
DA:38,4
LF:14
LH:13
BRDA:22,0,0,20
BRDA:22,0,1,0
BRDA:34,1,0,3
BRDA:34,1,1,17
BRF:4
BRH:3
end_of_record
TN:
SF:src\infra\data\data.ts
FNF:0
FNH:0
DA:1,1
DA:2,1
DA:5,1
DA:10,1
LF:4
LH:4
BRF:0
BRH:0
end_of_record
TN:
SF:src\infra\fakes\couponRepositoryFake.ts
FN:6,(anonymous_8)
FN:7,(anonymous_10)
FNF:2
FNH:0
FNDA:0,(anonymous_8)
FNDA:0,(anonymous_10)
DA:2,1
DA:5,1
DA:7,0
DA:8,0
DA:9,0
DA:11,0
LF:6
LH:2
BRDA:8,0,0,0
BRF:1
BRH:0
end_of_record
TN:
SF:src\infra\fakes\currencyApiFake.ts
FN:4,(anonymous_7)
FN:7,(anonymous_8)
FN:10,(anonymous_10)
FNF:3
FNH:2
FNDA:2,(anonymous_7)
FNDA:1,(anonymous_8)
FNDA:0,(anonymous_10)
DA:3,1
DA:8,1
DA:11,0
DA:13,0
LF:4
LH:2
BRDA:11,0,0,0
BRF:1
BRH:0
end_of_record
TN:
SF:src\infra\fakes\orderRepositoryFake.ts
FN:6,(anonymous_8)
FN:9,(anonymous_9)
FN:13,(anonymous_11)
FNF:3
FNH:2
FNDA:2,(anonymous_8)
FNDA:2,(anonymous_9)
FNDA:0,(anonymous_11)
DA:2,1
DA:5,1
DA:10,2
LF:3
LH:3
BRF:0
BRH:0
end_of_record
TN:
SF:src\infra\fakes\productRepositoryFake.ts
FN:6,(anonymous_8)
FN:9,(anonymous_9)
FN:13,(anonymous_11)
FN:14,(anonymous_13)
FNF:4
FNH:1
FNDA:2,(anonymous_8)
FNDA:0,(anonymous_9)
FNDA:0,(anonymous_11)
FNDA:0,(anonymous_13)
DA:2,1
DA:5,1
DA:10,0
DA:14,0
DA:15,0
DA:16,0
DA:18,0
LF:7
LH:2
BRDA:15,0,0,0
BRF:1
BRH:0
end_of_record
